Warning: `reflex.plugins.sitemap.SitemapPlugin` plugin is enabled by default, 
but not explicitly added to the config. If you want to use it, please add it to
the `plugins` list in your config inside of `rxconfig.py`. To disable this 
plugin, set `disable_plugins` to `['reflex.plugins.sitemap.SitemapPlugin']`.
Warning: Windows Subsystem for Linux (WSL) is recommended for improving initial
install times.
Warning: `reflex.plugins.sitemap.SitemapPlugin` plugin is enabled by default, 
but not explicitly added to the config. If you want to use it, please add it to
the `plugins` list in your config inside of `rxconfig.py`. To disable this 
plugin, set `disable_plugins` to `['reflex.plugins.sitemap.SitemapPlugin']`.
----------------------------- Starting Reflex App -----------------------------
Warning: `reflex.plugins.sitemap.SitemapPlugin` plugin is enabled by default, 
but not explicitly added to the config. If you want to use it, please add it to
the `plugins` list in your config inside of `rxconfig.py`. To disable this 
plugin, set `disable_plugins` to `['reflex.plugins.sitemap.SitemapPlugin']`.
Warning: `reflex.plugins.sitemap.SitemapPlugin` plugin is enabled by default, 
but not explicitly added to the config. If you want to use it, please add it to
the `plugins` list in your config inside of `rxconfig.py`. To disable this 
plugin, set `disable_plugins` to `['reflex.plugins.sitemap.SitemapPlugin']`.
Traceback (most recent call last):
  File "C:\Users\nmaxi\miniconda3\Lib\site-packages\reflex\utils\prerequisites.py", line 349, in compile_or_validate_app
    get_compiled_app(
  File "C:\Users\nmaxi\miniconda3\Lib\site-packages\reflex\utils\prerequisites.py", line 268, in get_compiled_app
    app._compile(prerender_routes=prerender_routes, dry_run=dry_run, use_rich=use_rich)
  File "C:\Users\nmaxi\miniconda3\Lib\site-packages\reflex\app.py", line 1248, in _compile
    self._compile_page(route, save_page=should_compile)
  File "C:\Users\nmaxi\miniconda3\Lib\site-packages\reflex\app.py", line 878, in _compile_page
    component = compiler.compile_unevaluated_page(
                ^^^^^^^^^^^^^^^^^^^^^^^^^^^^^^^^^^
  File "C:\Users\nmaxi\miniconda3\Lib\site-packages\reflex\compiler\compiler.py", line 806, in compile_unevaluated_page
    component = into_component(page.component)
                ^^^^^^^^^^^^^^^^^^^^^^^^^^^^^^
  File "C:\Users\nmaxi\miniconda3\Lib\site-packages\reflex\compiler\compiler.py", line 736, in into_component
    component_called = component()
                       ^^^^^^^^^^^
  File "D:\PSI_Work\AI_Project\budget\reflex\Budget_ERP\budget_erp\budget_erp.py", line 16, in index
    return dashboard_page()
           ^^^^^^^^^^^^^^^^
  File "D:\PSI_Work\AI_Project\budget\reflex\Budget_ERP\budget_erp\pages\dashboard\dashboard.py", line 21, in dashboard_page
    return layout(
           ^^^^^^^
  File "D:\PSI_Work\AI_Project\budget\reflex\Budget_ERP\budget_erp\components\layout.py", line 7, in layout
    sidebar(),
    ^^^^^^^^^
  File "D:\PSI_Work\AI_Project\budget\reflex\Budget_ERP\budget_erp\components\sidebar.py", line 33, in sidebar
    AuthState.is_admin,
    ^^^^^^^^^
NameError: name 'AuthState' is not defined
Happened while evaluating page 'index'
